Сборка начата 29.04.2023 01:19:12.
Уровень детализации журнала: Normal.     1>Проект "C:\labs\оап\laba16\laba16\dop3\dop3.vcxproj" в узле 2 (целевые объекты Build).
     1>PrepareForBuild:
         Создание каталога "x64\Debug\dop3.tlog\".
       InitializeBuildStatus:
         Создание "x64\Debug\dop3.tlog\unsuccessfulbuild", так как было задано "AlwaysCreate".
       ClCompile:
         C:\vs ))))))))))\VC\Tools\MSVC\14.33.31629\bin\HostX64\x64\CL.exe /c /ZI /JMC /nologo /W3 /WX- /diagnostics:column /sdl /Od /D _DEBUG /D _CONSOLE /D _UNICODE /D UNICODE /Gm- /EHsc /RTC1 /MDd /GS /fp:precise /Zc:wchar_t /Zc:forScope /Zc:inline /permissive- /Fo"x64\Debug\\" /Fd"x64\Debug\vc143.pdb" /external:W3 /Gd /TP /FC /errorReport:prompt dop3.cpp
         dop3.cpp
     1>C:\labs\оап\laba16\laba16\dop3\dop3.cpp(11,1): warning C4326: возвращаемый тип "main" должен быть "int", а не "void"
     1>C:\labs\оап\laba16\laba16\dop3\dop3.cpp(16,18): warning C4101: tmp: неиспользованная локальная переменная
     1>C:\labs\оап\laba16\laba16\dop3\dop3.cpp(16,15): warning C4101: k: неиспользованная локальная переменная
     1>C:\labs\оап\laba16\laba16\dop3\dop3.cpp(16,12): warning C4101: j: неиспользованная локальная переменная
       Link:
         C:\vs ))))))))))\VC\Tools\MSVC\14.33.31629\bin\HostX64\x64\link.exe /ERRORREPORT:PROMPT /OUT:"C:\labs\оап\laba16\laba16\x64\Debug\dop3.exe" /INCREMENTAL /ILK:"x64\Debug\dop3.ilk" /NOLOGO kernel32.lib user32.lib gdi32.lib winspool.lib comdlg32.lib advapi32.lib shell32.lib ole32.lib oleaut32.lib uuid.lib odbc32.lib odbccp32.lib /MANIFEST /MANIFESTUAC:"level='asInvoker' uiAccess='false'" /manifest:embed /DEBUG /PDB:"C:\labs\оап\laba16\laba16\x64\Debug\dop3.pdb" /SUBSYSTEM:CONSOLE /TLBID:1 /DYNAMICBASE /NXCOMPAT /IMPLIB:"C:\labs\оап\laba16\laba16\x64\Debug\dop3.lib" /MACHINE:X64 x64\Debug\dop3.obj
         dop3.vcxproj -> C:\labs\оап\laba16\laba16\x64\Debug\dop3.exe
       FinalizeBuildStatus:
         Файл "x64\Debug\dop3.tlog\unsuccessfulbuild" удаляется.
         Обращение к "x64\Debug\dop3.tlog\dop3.lastbuildstate".
     1>Сборка проекта "C:\labs\оап\laba16\laba16\dop3\dop3.vcxproj" завершена (целевые объекты Build).

Сборка успешно завершена.

       "C:\labs\оап\laba16\laba16\dop3\dop3.vcxproj" (целевой объект Build ) (1) ->
       (Целевой объект ClCompile) -> 
         C:\labs\оап\laba16\laba16\dop3\dop3.cpp(11,1): warning C4326: возвращаемый тип "main" должен быть "int", а не "void"
         C:\labs\оап\laba16\laba16\dop3\dop3.cpp(16,18): warning C4101: tmp: неиспользованная локальная переменная
         C:\labs\оап\laba16\laba16\dop3\dop3.cpp(16,15): warning C4101: k: неиспользованная локальная переменная
         C:\labs\оап\laba16\laba16\dop3\dop3.cpp(16,12): warning C4101: j: неиспользованная локальная переменная

    Предупреждений: 4
    Ошибок: 0

Прошло времени 00:00:01.06
