  задание 1.cpp
E:\лаба Белодед\семестр 2\лабораторная работа 2\задание 1\задание 1\задание 1.cpp(18,31): warning C4018: <: несоответствие типов со знаком и без знака
E:\лаба Белодед\семестр 2\лабораторная работа 2\задание 1\задание 1\задание 1.cpp(37,16): warning C4244: =: преобразование "_Ty" в "int", возможна потеря данных
          with
          [
              _Ty=double
          ]
E:\лаба Белодед\семестр 2\лабораторная работа 2\задание 1\задание 1\задание 1.cpp(38,28): warning C4244: =: преобразование "_Ty" в "int", возможна потеря данных
          with
          [
              _Ty=double
          ]
E:\лаба Белодед\семестр 2\лабораторная работа 2\задание 1\задание 1\задание 1.cpp(49,19): warning C4018: <: несоответствие типов со знаком и без знака
E:\лаба Белодед\семестр 2\лабораторная работа 2\задание 1\задание 1\задание 1.cpp(97,43): warning C4244: инициализация: преобразование "_Ty" в "unsigned int", возможна потеря данных
          with
          [
              _Ty=double
          ]
E:\лаба Белодед\семестр 2\лабораторная работа 2\задание 1\задание 1\задание 1.cpp(98,43): warning C4244: инициализация: преобразование "_Ty" в "unsigned int", возможна потеря данных
          with
          [
              _Ty=double
          ]
  задание 1.vcxproj -> E:\лаба Белодед\семестр 2\лабораторная работа 2\задание 1\Debug\задание 1.exe
